<?xml version="1.0" encoding="UTF-8"?>
<!-- Generated by org.testng.reporters.JUnitReportReporter -->
<testsuite skipped="0" hostname="MHLAB2C568-07" name="testCases.GET_Or_Read_A_Products" tests="1" failures="0" timestamp="15 Mar 2021 17:09:14 GMT" time="2.864" errors="0">
  <testcase name="read_A_Products" time="2.864" classname="testCases.GET_Or_Read_A_Products"/>
</testsuite> <!-- testCases.GET_Or_Read_A_Products -->
