<?xml version="1.0" encoding="UTF-8"?>
<!-- Generated by org.testng.reporters.JUnitReportReporter -->
<testsuite skipped="0" hostname="MHLAB2C568-07" name="testCases.DEL_Or_Delete_A_Product" tests="1" failures="0" timestamp="15 Mar 2021 17:18:19 GMT" time="2.959" errors="0">
  <testcase name="delete_A_Product" time="2.959" classname="testCases.DEL_Or_Delete_A_Product"/>
</testsuite> <!-- testCases.DEL_Or_Delete_A_Product -->
