<?xml version="1.0" encoding="UTF-8"?>
<!-- Generated by org.testng.reporters.JUnitReportReporter -->
<testsuite skipped="0" hostname="MHLAB2C568-07" name="testCases.GET_Or_Read_All_Products" tests="1" failures="0" timestamp="15 Mar 2021 17:14:23 GMT" time="2.498" errors="0">
  <testcase name="read_All_Products" time="2.498" classname="testCases.GET_Or_Read_All_Products"/>
</testsuite> <!-- testCases.GET_Or_Read_All_Products -->
