<?xml version="1.0" encoding="UTF-8"?>
<!-- Generated by org.testng.reporters.JUnitReportReporter -->
<testsuite skipped="0" hostname="MHLAB2C568-07" name="testCases.PUT_Or_Update_A_Product" tests="1" failures="0" timestamp="15 Mar 2021 23:12:51 GMT" time="4.033" errors="0">
  <testcase name="create_A_Products" time="4.033" classname="testCases.PUT_Or_Update_A_Product"/>
</testsuite> <!-- testCases.PUT_Or_Update_A_Product -->
