<?xml version="1.0" encoding="UTF-8"?>
<!-- Generated by org.testng.reporters.JUnitReportReporter -->
<testsuite skipped="0" hostname="MHLAB2C568-07" name="testCases.GET_Or_Read_A_Progucts2" tests="1" failures="0" timestamp="05 Mar 2021 05:44:22 GMT" time="2.934" errors="0">
  <testcase name="read_A_Products" time="2.934" classname="testCases.GET_Or_Read_A_Progucts2"/>
</testsuite> <!-- testCases.GET_Or_Read_A_Progucts2 -->
