<?xml version="1.0" encoding="UTF-8"?>
<!-- Generated by org.testng.reporters.JUnitReportReporter -->
<testsuite skipped="0" hostname="MHLAB2C568-07" name="testCases.GET_Or_Read_All_Progucts" tests="1" failures="0" timestamp="27 Feb 2021 18:07:08 GMT" time="3.332" errors="0">
  <testcase name="read_All_Products" time="3.332" classname="testCases.GET_Or_Read_All_Progucts"/>
</testsuite> <!-- testCases.GET_Or_Read_All_Progucts -->
