<?xml version="1.0" encoding="UTF-8"?>
<!-- Generated by org.testng.reporters.JUnitReportReporter -->
<testsuite skipped="0" hostname="MHLAB2C568-07" name="testCases.POST_Or_Create_A_Product" tests="1" failures="0" timestamp="27 Feb 2021 19:52:35 GMT" time="2.504" errors="0">
  <testcase name="create_A_Products" time="2.504" classname="testCases.POST_Or_Create_A_Product"/>
</testsuite> <!-- testCases.POST_Or_Create_A_Product -->
